# JRE version: Java(TM) SE Runtime Environment (8.0_271-b09) (build 1.8.0_271-b09)
# Java VM: Java HotSpot(TM) 64-Bit Server VM (25.271-b09 mixed mode windows-amd64 compressed oops)
Heap:
 PSYoungGen      total 68096K, used 37070K [0x0000000780000000, 0x0000000784500000, 0x00000007c0000000)
  eden space 65536K, 52% used [0x0000000780000000,0x00000007821b58f8,0x0000000784000000)
  from space 2560K, 99% used [0x0000000784280000,0x00000007844fe050,0x0000000784500000)
  to   space 2560K, 0% used [0x0000000784000000,0x0000000784000000,0x0000000784280000)
 ParOldGen       total 44032K, used 7751K [0x0000000700000000, 0x0000000702b00000, 0x0000000780000000)
  object space 44032K, 17% used [0x0000000700000000,0x0000000700791f38,0x0000000702b00000)
 Metaspace       used 16904K, capacity 17138K, committed 17536K, reserved 1064960K
  class space    used 2500K, capacity 2625K, committed 2688K, reserved 1048576K
GC Heap History (8 events):
Event: 0.806 GC heap before
{Heap before GC invocations=1 (full 0):
 PSYoungGen      total 18944K, used 16384K [0x0000000780000000, 0x0000000781500000, 0x00000007c0000000)
  eden space 16384K, 100% used [0x0000000780000000,0x0000000781000000,0x0000000781000000)
  from space 2560K, 0% used [0x0000000781280000,0x0000000781280000,0x0000000781500000)
  to   space 2560K, 0% used [0x0000000781000000,0x0000000781000000,0x0000000781280000)
 ParOldGen       total 44032K, used 0K [0x0000000700000000, 0x0000000702b00000, 0x0000000780000000)
  object space 44032K, 0% used [0x0000000700000000,0x0000000700000000,0x0000000702b00000)
 Metaspace       used 6458K, capacity 6682K, committed 6784K, reserved 1056768K
  class space    used 803K, capacity 846K, committed 896K, reserved 1048576K
Event: 0.816 GC heap after
Heap after GC invocations=1 (full 0):
 PSYoungGen      total 18944K, used 2531K [0x0000000780000000, 0x0000000782500000, 0x00000007c0000000)
  eden space 16384K, 0% used [0x0000000780000000,0x0000000780000000,0x0000000781000000)
  from space 2560K, 98% used [0x0000000781000000,0x0000000781278e20,0x0000000781280000)
  to   space 2560K, 0% used [0x0000000782280000,0x0000000782280000,0x0000000782500000)
 ParOldGen       total 44032K, used 583K [0x0000000700000000, 0x0000000702b00000, 0x0000000780000000)
  object space 44032K, 1% used [0x0000000700000000,0x0000000700091f78,0x0000000702b00000)
 Metaspace       used 6458K, capacity 6682K, committed 6784K, reserved 1056768K
  class space    used 803K, capacity 846K, committed 896K, reserved 1048576K
}
Event: 1.194 GC heap before
{Heap before GC invocations=2 (full 0):
 PSYoungGen      total 18944K, used 18915K [0x0000000780000000, 0x0000000782500000, 0x00000007c0000000)
  eden space 16384K, 100% used [0x0000000780000000,0x0000000781000000,0x0000000781000000)
  from space 2560K, 98% used [0x0000000781000000,0x0000000781278e20,0x0000000781280000)
  to   space 2560K, 0% used [0x0000000782280000,0x0000000782280000,0x0000000782500000)
 ParOldGen       total 44032K, used 583K [0x0000000700000000, 0x0000000702b00000, 0x0000000780000000)
  object space 44032K, 1% used [0x0000000700000000,0x0000000700091f78,0x0000000702b00000)
 Metaspace       used 7216K, capacity 7354K, committed 7680K, reserved 1056768K
  class space    used 886K, capacity 942K, committed 1024K, reserved 1048576K
Event: 1.207 GC heap after
Heap after GC invocations=2 (full 0):
 PSYoungGen      total 35328K, used 2552K [0x0000000780000000, 0x0000000782500000, 0x00000007c0000000)
  eden space 32768K, 0% used [0x0000000780000000,0x0000000780000000,0x0000000782000000)
  from space 2560K, 99% used [0x0000000782280000,0x00000007824fe010,0x0000000782500000)
  to   space 2560K, 0% used [0x0000000782000000,0x0000000782000000,0x0000000782280000)
 ParOldGen       total 44032K, used 1250K [0x0000000700000000, 0x0000000702b00000, 0x0000000780000000)
  object space 44032K, 2% used [0x0000000700000000,0x0000000700138b48,0x0000000702b00000)
 Metaspace       used 7216K, capacity 7354K, committed 7680K, reserved 1056768K
  class space    used 886K, capacity 942K, committed 1024K, reserved 1048576K
}
Event: 1.936 GC heap before
{Heap before GC invocations=3 (full 0):
 PSYoungGen      total 35328K, used 35320K [0x0000000780000000, 0x0000000782500000, 0x00000007c0000000)
  eden space 32768K, 100% used [0x0000000780000000,0x0000000782000000,0x0000000782000000)
  from space 2560K, 99% used [0x0000000782280000,0x00000007824fe010,0x0000000782500000)
  to   space 2560K, 0% used [0x0000000782000000,0x0000000782000000,0x0000000782280000)
 ParOldGen       total 44032K, used 1250K [0x0000000700000000, 0x0000000702b00000, 0x0000000780000000)
  object space 44032K, 2% used [0x0000000700000000,0x0000000700138b48,0x0000000702b00000)
 Metaspace       used 9718K, capacity 10026K, committed 10240K, reserved 1058816K
  class space    used 1319K, capacity 1425K, committed 1536K, reserved 1048576K
Event: 1.948 GC heap after
Heap after GC invocations=3 (full 0):
 PSYoungGen      total 35328K, used 2552K [0x0000000780000000, 0x0000000784500000, 0x00000007c0000000)
  eden space 32768K, 0% used [0x0000000780000000,0x0000000780000000,0x0000000782000000)
  from space 2560K, 99% used [0x0000000782000000,0x000000078227e050,0x0000000782280000)
  to   space 2560K, 0% used [0x0000000784280000,0x0000000784280000,0x0000000784500000)
 ParOldGen       total 44032K, used 3951K [0x0000000700000000, 0x0000000702b00000, 0x0000000780000000)
  object space 44032K, 8% used [0x0000000700000000,0x00000007003dbc78,0x0000000702b00000)
 Metaspace       used 9718K, capacity 10026K, committed 10240K, reserved 1058816K
  class space    used 1319K, capacity 1425K, committed 1536K, reserved 1048576K
}
Event: 3.274 GC heap before
{Heap before GC invocations=4 (full 0):
 PSYoungGen      total 35328K, used 35320K [0x0000000780000000, 0x0000000784500000, 0x00000007c0000000)
  eden space 32768K, 100% used [0x0000000780000000,0x0000000782000000,0x0000000782000000)
  from space 2560K, 99% used [0x0000000782000000,0x000000078227e050,0x0000000782280000)
  to   space 2560K, 0% used [0x0000000784280000,0x0000000784280000,0x0000000784500000)
 ParOldGen       total 44032K, used 3951K [0x0000000700000000, 0x0000000702b00000, 0x0000000780000000)
  object space 44032K, 8% used [0x0000000700000000,0x00000007003dbc78,0x0000000702b00000)
 Metaspace       used 13626K, capacity 13936K, committed 14080K, reserved 1060864K
  class space    used 1945K, capacity 2048K, committed 2048K, reserved 1048576K
Event: 3.299 GC heap after
Heap after GC invocations=4 (full 0):
 PSYoungGen      total 68096K, used 2552K [0x0000000780000000, 0x0000000784500000, 0x00000007c0000000)
  eden space 65536K, 0% used [0x0000000780000000,0x0000000780000000,0x0000000784000000)
  from space 2560K, 99% used [0x0000000784280000,0x00000007844fe050,0x0000000784500000)
  to   space 2560K, 0% used [0x0000000784000000,0x0000000784000000,0x0000000784280000)
 ParOldGen       total 44032K, used 7751K [0x0000000700000000, 0x0000000702b00000, 0x0000000780000000)
  object space 44032K, 17% used [0x0000000700000000,0x0000000700791f38,0x0000000702b00000)
 Metaspace       used 13626K, capacity 13936K, committed 14080K, reserved 1060864K
  class space    used 1945K, capacity 2048K, committed 2048K, reserved 1048576K
}

