# JRE version: Java(TM) SE Runtime Environment (8.0_271-b09) (build 1.8.0_271-b09)
# Java VM: Java HotSpot(TM) 64-Bit Server VM (25.271-b09 mixed mode windows-amd64 compressed oops)
Heap:
 PSYoungGen      total 208384K, used 100895K [0x0000000780000000, 0x000000078f980000, 0x00000007c0000000)
  eden space 193536K, 44% used [0x0000000780000000,0x000000078540bda0,0x000000078bd00000)
  from space 14848K, 99% used [0x000000078bd00000,0x000000078cb7c020,0x000000078cb80000)
  to   space 18432K, 0% used [0x000000078e780000,0x000000078e780000,0x000000078f980000)
 ParOldGen       total 76288K, used 33178K [0x0000000700000000, 0x0000000704a80000, 0x0000000780000000)
  object space 76288K, 43% used [0x0000000700000000,0x0000000702066890,0x0000000704a80000)
 Metaspace       used 68312K, capacity 72722K, committed 73048K, reserved 1112064K
  class space    used 9730K, capacity 10491K, committed 10584K, reserved 1048576K
GC Heap History (10 events):
Event: 110.405 GC heap before
{Heap before GC invocations=20 (full 2):
 PSYoungGen      total 160768K, used 147680K [0x0000000780000000, 0x000000078c480000, 0x00000007c0000000)
  eden space 147456K, 100% used [0x0000000780000000,0x0000000789000000,0x0000000789000000)
  from space 13312K, 1% used [0x0000000789000000,0x0000000789038000,0x0000000789d00000)
  to   space 13312K, 0% used [0x000000078b780000,0x000000078b780000,0x000000078c480000)
 ParOldGen       total 47616K, used 27451K [0x0000000700000000, 0x0000000702e80000, 0x0000000780000000)
  object space 47616K, 57% used [0x0000000700000000,0x0000000701aceee0,0x0000000702e80000)
 Metaspace       used 51818K, capacity 54248K, committed 54400K, reserved 1095680K
  class space    used 7271K, capacity 7735K, committed 7808K, reserved 1048576K
Event: 110.431 GC heap after
Heap after GC invocations=20 (full 2):
 PSYoungGen      total 179712K, used 2884K [0x0000000780000000, 0x000000078c000000, 0x00000007c0000000)
  eden space 171008K, 0% used [0x0000000780000000,0x0000000780000000,0x000000078a700000)
  from space 8704K, 33% used [0x000000078b780000,0x000000078ba51010,0x000000078c000000)
  to   space 12800K, 0% used [0x000000078a700000,0x000000078a700000,0x000000078b380000)
 ParOldGen       total 47616K, used 27451K [0x0000000700000000, 0x0000000702e80000, 0x0000000780000000)
  object space 47616K, 57% used [0x0000000700000000,0x0000000701aceee0,0x0000000702e80000)
 Metaspace       used 51818K, capacity 54248K, committed 54400K, reserved 1095680K
  class space    used 7271K, capacity 7735K, committed 7808K, reserved 1048576K
}
Event: 118.741 GC heap before
{Heap before GC invocations=21 (full 2):
 PSYoungGen      total 179712K, used 142942K [0x0000000780000000, 0x000000078c000000, 0x00000007c0000000)
  eden space 171008K, 81% used [0x0000000780000000,0x00000007888c69a8,0x000000078a700000)
  from space 8704K, 33% used [0x000000078b780000,0x000000078ba51010,0x000000078c000000)
  to   space 12800K, 0% used [0x000000078a700000,0x000000078a700000,0x000000078b380000)
 ParOldGen       total 47616K, used 27451K [0x0000000700000000, 0x0000000702e80000, 0x0000000780000000)
  object space 47616K, 57% used [0x0000000700000000,0x0000000701aceee0,0x0000000702e80000)
 Metaspace       used 56321K, capacity 59028K, committed 59096K, reserved 1099776K
  class space    used 7820K, capacity 8355K, committed 8408K, reserved 1048576K
Event: 118.768 GC heap after
Heap after GC invocations=21 (full 2):
 PSYoungGen      total 183808K, used 8173K [0x0000000780000000, 0x000000078d880000, 0x00000007c0000000)
  eden space 171008K, 0% used [0x0000000780000000,0x0000000780000000,0x000000078a700000)
  from space 12800K, 63% used [0x000000078a700000,0x000000078aefb730,0x000000078b380000)
  to   space 13312K, 0% used [0x000000078cb80000,0x000000078cb80000,0x000000078d880000)
 ParOldGen       total 47616K, used 27459K [0x0000000700000000, 0x0000000702e80000, 0x0000000780000000)
  object space 47616K, 57% used [0x0000000700000000,0x0000000701ad0ee0,0x0000000702e80000)
 Metaspace       used 56321K, capacity 59028K, committed 59096K, reserved 1099776K
  class space    used 7820K, capacity 8355K, committed 8408K, reserved 1048576K
}
Event: 118.768 GC heap before
{Heap before GC invocations=22 (full 3):
 PSYoungGen      total 183808K, used 8173K [0x0000000780000000, 0x000000078d880000, 0x00000007c0000000)
  eden space 171008K, 0% used [0x0000000780000000,0x0000000780000000,0x000000078a700000)
  from space 12800K, 63% used [0x000000078a700000,0x000000078aefb730,0x000000078b380000)
  to   space 13312K, 0% used [0x000000078cb80000,0x000000078cb80000,0x000000078d880000)
 ParOldGen       total 47616K, used 27459K [0x0000000700000000, 0x0000000702e80000, 0x0000000780000000)
  object space 47616K, 57% used [0x0000000700000000,0x0000000701ad0ee0,0x0000000702e80000)
 Metaspace       used 56321K, capacity 59028K, committed 59096K, reserved 1099776K
  class space    used 7820K, capacity 8355K, committed 8408K, reserved 1048576K
Event: 119.134 GC heap after
Heap after GC invocations=22 (full 3):
 PSYoungGen      total 183808K, used 0K [0x0000000780000000, 0x000000078d880000, 0x00000007c0000000)
  eden space 171008K, 0% used [0x0000000780000000,0x0000000780000000,0x000000078a700000)
  from space 12800K, 0% used [0x000000078a700000,0x000000078a700000,0x000000078b380000)
  to   space 13312K, 0% used [0x000000078cb80000,0x000000078cb80000,0x000000078d880000)
 ParOldGen       total 76288K, used 30209K [0x0000000700000000, 0x0000000704a80000, 0x0000000780000000)
  object space 76288K, 39% used [0x0000000700000000,0x0000000701d804d0,0x0000000704a80000)
 Metaspace       used 56240K, capacity 58908K, committed 59096K, reserved 1099776K
  class space    used 7795K, capacity 8315K, committed 8408K, reserved 1048576K
}
Event: 136.862 GC heap before
{Heap before GC invocations=23 (full 3):
 PSYoungGen      total 183808K, used 171008K [0x0000000780000000, 0x000000078d880000, 0x00000007c0000000)
  eden space 171008K, 100% used [0x0000000780000000,0x000000078a700000,0x000000078a700000)
  from space 12800K, 0% used [0x000000078a700000,0x000000078a700000,0x000000078b380000)
  to   space 13312K, 0% used [0x000000078cb80000,0x000000078cb80000,0x000000078d880000)
 ParOldGen       total 76288K, used 30209K [0x0000000700000000, 0x0000000704a80000, 0x0000000780000000)
  object space 76288K, 39% used [0x0000000700000000,0x0000000701d804d0,0x0000000704a80000)
 Metaspace       used 62145K, capacity 65556K, committed 65752K, reserved 1105920K
  class space    used 8736K, capacity 9352K, committed 9432K, reserved 1048576K
Event: 136.926 GC heap after
Heap after GC invocations=23 (full 3):
 PSYoungGen      total 206848K, used 11662K [0x0000000780000000, 0x000000078dd00000, 0x00000007c0000000)
  eden space 193536K, 0% used [0x0000000780000000,0x0000000780000000,0x000000078bd00000)
  from space 13312K, 87% used [0x000000078cb80000,0x000000078d6e3b28,0x000000078d880000)
  to   space 14848K, 0% used [0x000000078bd00000,0x000000078bd00000,0x000000078cb80000)
 ParOldGen       total 76288K, used 30217K [0x0000000700000000, 0x0000000704a80000, 0x0000000780000000)
  object space 76288K, 39% used [0x0000000700000000,0x0000000701d824d0,0x0000000704a80000)
 Metaspace       used 62145K, capacity 65556K, committed 65752K, reserved 1105920K
  class space    used 8736K, capacity 9352K, committed 9432K, reserved 1048576K
}
Event: 250.157 GC heap before
{Heap before GC invocations=24 (full 3):
 PSYoungGen      total 206848K, used 205198K [0x0000000780000000, 0x000000078dd00000, 0x00000007c0000000)
  eden space 193536K, 100% used [0x0000000780000000,0x000000078bd00000,0x000000078bd00000)
  from space 13312K, 87% used [0x000000078cb80000,0x000000078d6e3b28,0x000000078d880000)
  to   space 14848K, 0% used [0x000000078bd00000,0x000000078bd00000,0x000000078cb80000)
 ParOldGen       total 76288K, used 30217K [0x0000000700000000, 0x0000000704a80000, 0x0000000780000000)
  object space 76288K, 39% used [0x0000000700000000,0x0000000701d824d0,0x0000000704a80000)
 Metaspace       used 67549K, capacity 71870K, committed 72152K, reserved 1112064K
  class space    used 9590K, capacity 10339K, committed 10456K, reserved 1048576K
Event: 250.315 GC heap after
Heap after GC invocations=24 (full 3):
 PSYoungGen      total 208384K, used 14832K [0x0000000780000000, 0x000000078f980000, 0x00000007c0000000)
  eden space 193536K, 0% used [0x0000000780000000,0x0000000780000000,0x000000078bd00000)
  from space 14848K, 99% used [0x000000078bd00000,0x000000078cb7c020,0x000000078cb80000)
  to   space 18432K, 0% used [0x000000078e780000,0x000000078e780000,0x000000078f980000)
 ParOldGen       total 76288K, used 33178K [0x0000000700000000, 0x0000000704a80000, 0x0000000780000000)
  object space 76288K, 43% used [0x0000000700000000,0x0000000702066890,0x0000000704a80000)
 Metaspace       used 67549K, capacity 71870K, committed 72152K, reserved 1112064K
  class space    used 9590K, capacity 10339K, committed 10456K, reserved 1048576K
}

